

*******************************************************************************
Thu Apr 22 11:30:05 2010


FIT:    data read from "t1.txt"
        #datapoints = 5
        residuals are weighted equally (unit weight)

function used for fitting: f(x)
fitted parameters initialized with current variable values



 Iteration 0
 WSSR        : 14576.6           delta(WSSR)/WSSR   : 0
 delta(WSSR) : 0                 limit for stopping : 1e-005
 lambda	  : 0.578761

initial set of free parameter values

a               = 1
b               = 1
c               = 1

After 6 iterations the fit converged.
final sum of squares of residuals : 0.816121
rel. change during last iteration : -5.50829e-009

degrees of freedom    (FIT_NDF)                        : 2
rms of residuals      (FIT_STDFIT) = sqrt(WSSR/ndf)    : 0.638796
variance of residuals (reduced chisquare) = WSSR/ndf   : 0.40806

Final set of parameters            Asymptotic Standard Error
=======================            ==========================

a               = -941.555         +/- 273.2        (29.01%)
b               = -93.5684         +/- 33.76        (36.08%)
c               = 64.7271          +/- 0.8537       (1.319%)


correlation matrix of the fit parameters:

               a      b      c      
a               1.000 
b              -0.971  1.000 
c               0.752 -0.866  1.000 
