

*******************************************************************************
Thu Apr 22 11:30:21 2010


FIT:    data read from "t2.txt"
        #datapoints = 5
        residuals are weighted equally (unit weight)

function used for fitting: f(x)
fitted parameters initialized with current variable values



 Iteration 0
 WSSR        : 499.275           delta(WSSR)/WSSR   : 0
 delta(WSSR) : 0                 limit for stopping : 1e-005
 lambda	  : 0.578761

initial set of free parameter values

a               = -941.555
b               = -93.5684
c               = 64.7271

After 6 iterations the fit converged.
final sum of squares of residuals : 0.154745
rel. change during last iteration : -3.91358e-009

degrees of freedom    (FIT_NDF)                        : 2
rms of residuals      (FIT_STDFIT) = sqrt(WSSR/ndf)    : 0.278159
variance of residuals (reduced chisquare) = WSSR/ndf   : 0.0773723

Final set of parameters            Asymptotic Standard Error
=======================            ==========================

a               = -595.328         +/- 118.9        (19.98%)
b               = -56.3714         +/- 14.7         (26.08%)
c               = 51.2274          +/- 0.3717       (0.7256%)


correlation matrix of the fit parameters:

               a      b      c      
a               1.000 
b              -0.971  1.000 
c               0.752 -0.866  1.000 
