

*******************************************************************************
Thu Apr 22 11:31:00 2010


FIT:    data read from "t5.txt"
        #datapoints = 5
        residuals are weighted equally (unit weight)

function used for fitting: f(x)
fitted parameters initialized with current variable values



 Iteration 0
 WSSR        : 114.173           delta(WSSR)/WSSR   : 0
 delta(WSSR) : 0                 limit for stopping : 1e-005
 lambda	  : 0.578761

initial set of free parameter values

a               = -239.001
b               = -54.4278
c               = 40.6375

After 6 iterations the fit converged.
final sum of squares of residuals : 0.00837758
rel. change during last iteration : -1.95581e-011

degrees of freedom    (FIT_NDF)                        : 2
rms of residuals      (FIT_STDFIT) = sqrt(WSSR/ndf)    : 0.0647209
variance of residuals (reduced chisquare) = WSSR/ndf   : 0.00418879

Final set of parameters            Asymptotic Standard Error
=======================            ==========================

a               = -241.801         +/- 27.68        (11.45%)
b               = -31.0784         +/- 3.421        (11.01%)
c               = 34.5416          +/- 0.08649      (0.2504%)


correlation matrix of the fit parameters:

               a      b      c      
a               1.000 
b              -0.971  1.000 
c               0.752 -0.866  1.000 
