

*******************************************************************************
Tue Apr 20 15:06:16 2010


FIT:    data read from "t5.txt"
        #datapoints = 5
        residuals are weighted equally (unit weight)

function used for fitting: f(x)
fitted parameters initialized with current variable values



 Iteration 0
 WSSR        : 40.2555           delta(WSSR)/WSSR   : 0
 delta(WSSR) : 0                 limit for stopping : 1e-005
 lambda	  : 0.578761

initial set of free parameter values

a               = -1206.42
b               = -161.214
c               = 79.1265

After 6 iterations the fit converged.
final sum of squares of residuals : 1.18347
rel. change during last iteration : -4.15073e-011

degrees of freedom    (FIT_NDF)                        : 2
rms of residuals      (FIT_STDFIT) = sqrt(WSSR/ndf)    : 0.769242
variance of residuals (reduced chisquare) = WSSR/ndf   : 0.591733

Final set of parameters            Asymptotic Standard Error
=======================            ==========================

a               = -1298.33         +/- 328.9        (25.34%)
b               = -116.18          +/- 40.65        (34.99%)
c               = 74.3483          +/- 1.028        (1.383%)


correlation matrix of the fit parameters:

               a      b      c      
a               1.000 
b              -0.971  1.000 
c               0.752 -0.866  1.000 
