This is pdfTeX, Version 3.1415926-1.40.10 (MiKTeX 2.8) (preloaded format=latex 2010.4.1)  16 APR 2010 12:13
entering extended mode
**CorpoNegro.tex
("C:\Documents and Settings\eeepc\Ambiente de trabalho\final\CorpoNegro.tex"
LaTeX2e <2005/12/01>
Babel <v3.8l> and hyphenation patterns for english, dumylang, nohyphenation, german, ngerman, german-x-2009-06-19, ngerm
an-x-2009-06-19, french, loaded.
("C:\Programas\MiKTeX 2.8\tex\latex\revtex\revtex4-1.cls"
Document Class: revtex4-1 2009/10/08:11:23 4.1g (http://publish.aps.org/revtex4/ for documentation)
 Copyright (c) 2009 The American Physical Society.
 mailto:revtex@aps.org
 Licensed under the LPPL:
http://www.ctan.org/tex-archive/macros/latex/base/lppl.txt
 Arthur Ogawa <arthur_ogawa at sbcglobal dot net>
 Based on work by David Carlisle <david at dcarlisle.demon.co.uk>.
ltxutil [2009/07/07 4.1f]: portions licensed from W. E. Baxter (web at superscript.com)
LaTeX Info: Redefining \@centercr on input line 298.
Class revtex4-1 Info: Repairing broken LaTeX eqnarray on input line 348.
\eqncolsep=\skip41
Class revtex4-1 Info: Repairing hyperref-unfriendly LaTeX definition of \mpfootnote on input line 423.
Class revtex4-1 Info: Repairing broken LateX \@sect on input line 754.
\intertabularlinepenalty=\count79
\@tbpen=\count80
\@arstrutbox@hline=\box26
Class revtex4-1 Info: Repairing broken LaTeX \@xbitor on input line 1785.
Class revtex4-1 Info: Making \typeout \long on input line 1953.
ltxfront [2009/10/06/20:20 4.1g]: Arthur Ogawa (after David P. Carlisle)
\c@affil=\count81
\c@collab=\count82
\absbox=\box27
ltxgrid [2009/07/07 4.1f]: portions licensed from W. E. Baxter (web at superscript.com)
\c@linecount=\count83
\output@latex=\toks14
\box@size@1=\box28
\box@size@2=\box29
\@protection@box=\box30
\@topmark@saved=\toks15
\footins@saved=\box31
\pagesofar=\box32
\footsofar=\box33
\pagegrid@col=\count84
Class revtex4-1 Info: Overriding \@vspace, \@vspacer, \@no@pgbk, \@newline, and \\  on input line 5346.
\c@part=\count85
\c@section=\count86
\c@subsection=\count87
\c@subsubsection=\count88
\c@paragraph=\count89
\c@subparagraph=\count90
\abovecaptionskip=\skip42
\belowcaptionskip=\skip43
\c@figure=\count91
\fbox@1=\box34
\c@table=\count92
\fbox@2=\box35
\c@video=\count93
\fbox@4=\box36
\@bibdataout=\write3
\widetext@top=\box37
\widetext@bot=\box38
Class revtex4-1 Info: Selecting society aps on input line 7230.
("C:\Programas\MiKTeX 2.8\tex\latex\revtex\aps4-1.rtx"
File: aps4-1 2009/10/08:11:23 4.1g (http://publish.aps.org/revtex4/ for documentation)
Class revtex4-1 Info: RevTeX society APS selected on input line 31.
)

Class revtex4-1 Warning: No journal specified, using default pra.

Class revtex4-1 Info: APS journal PRA selected on input line 7233.
("C:\Programas\MiKTeX 2.8\tex\latex\revtex\aps10pt4-1.rtx"
File: aps10pt4-1 2009/10/08:11:23 4.1g (http://publish.aps.org/revtex4/ for documentation)
Class revtex4-1 Info: RevTeX pointsize 10pt selected on input line 30.
)
("C:\Documents and Settings\eeepc\Application Data\MiKTeX\2.8\tex\latex\textcase\textcase.sty"
Package: textcase 2004/10/07 v0.07 Text only upper/lower case changing (DPC)
)
("C:\Programas\MiKTeX 2.8\tex\latex\amsfonts\amssymb.sty"
Package: amssymb 2009/06/22 v3.00
 ("C:\Programas\MiKTeX 2.8\tex\latex\amsfonts\amsfonts.sty"
Package: amsfonts 2009/06/22 v3.00 Basic AMSFonts support
\@emptytoks=\toks16
\symAMSa=\mathgroup4
\symAMSb=\mathgroup5
LaTeX Font Info:    Overwriting math alphabet `\mathfrak' in version `bold'
(Font)                  U/euf/m/n --> U/euf/b/n on input line 96.
))
("C:\Programas\MiKTeX 2.8\tex\latex\ams\math\amsmath.sty"
Package: amsmath 2000/07/18 v2.13 AMS math features
\@mathmargin=\skip44

For additional information on amsmath, use the `?' option.
("C:\Programas\MiKTeX 2.8\tex\latex\ams\math\amstext.sty"
Package: amstext 2000/06/29 v2.01
 ("C:\Programas\MiKTeX 2.8\tex\latex\ams\math\amsgen.sty"
File: amsgen.sty 1999/11/30 v2.0
\@emptytoks=\toks17
\ex@=\dimen102
)
LaTeX Info: Redefining \text on input line 53.
)
("C:\Programas\MiKTeX 2.8\tex\latex\ams\math\amsbsy.sty"
Package: amsbsy 1999/11/29 v1.2d
\pmbraise@=\dimen103
) ("C:\Programas\MiKTeX 2.8\tex\latex\ams\math\amsopn.sty"
Package: amsopn 1999/12/14 v2.01 operator names
)
\inf@bad=\count94
LaTeX Info: Redefining \frac on input line 211.
\uproot@=\count95
\leftroot@=\count96
LaTeX Info: Redefining \overline on input line 307.
\classnum@=\count97
\DOTSCASE@=\count98
LaTeX Info: Redefining \ldots on input line 379.
LaTeX Info: Redefining \dots on input line 382.
LaTeX Info: Redefining \cdots on input line 467.
\Mathstrutbox@=\box39
\strutbox@=\box40
\big@size=\dimen104
LaTeX Font Info:    Redeclaring font encoding OML on input line 567.
LaTeX Font Info:    Redeclaring font encoding OMS on input line 568.
\macc@depth=\count99
\c@MaxMatrixCols=\count100
\dotsspace@=\muskip10
\c@parentequation=\count101
\dspbrk@lvl=\count102
\tag@help=\toks18
\row@=\count103
\column@=\count104
\maxfields@=\count105
\andhelp@=\toks19
\eqnshift@=\dimen105
\alignsep@=\dimen106
\tagshift@=\dimen107
\tagwidth@=\dimen108
\totwidth@=\dimen109
\lineht@=\dimen110
\@envbody=\toks20
\multlinegap=\skip45
\multlinetaggap=\skip46
\mathdisplay@stack=\toks21
LaTeX Info: Redefining \[ on input line 2666.
LaTeX Info: Redefining \] on input line 2667.
)
("C:\Programas\MiKTeX 2.8\tex\latex\ltxmisc\url.sty"
\Urlmuskip=\muskip11
Package: url 2006/04/12  ver 3.3  Verb mode for urls, etc.
)
("C:\Documents and Settings\eeepc\Application Data\MiKTeX\2.8\tex\latex\natbib\natbib.sty"
Package: natbib 2009/11/07 8.31a (PWD, AO)
\bibhang=\skip47
\bibsep=\skip48
LaTeX Info: Redefining \cite on input line 694.
\c@NAT@ctr=\count106
)
("C:\Programas\MiKTeX 2.8\tex\latex\revtex\revsymb4-1.sty"
Package: revsymb4-1 2009/10/08:11:23 4.1g (http://publish.aps.org/revtex4/ for documentation)
LaTeX Info: Redefining \frak on input line 95.
LaTeX Info: Redefining \Bbb on input line 111.
LaTeX Info: Redefining \REV@mathfrak on input line 119.
)) ("C:\Programas\MiKTeX 2.8\tex\latex\base\inputenc.sty"
Package: inputenc 2006/05/05 v1.1b Input encoding file
\inpenc@prehook=\toks22
\inpenc@posthook=\toks23

("C:\Programas\MiKTeX 2.8\tex\latex\base\ansinew.def"
File: ansinew.def 2006/05/05 v1.1b Input encoding file
)) ("C:\Programas\MiKTeX 2.8\tex\generic\babel\babel.sty"
Package: babel 2008/07/06 v3.8l The Babel package

*************************************
* Local config file bblopts.cfg used
*
("C:\Programas\MiKTeX 2.8\tex\latex\00miktex\bblopts.cfg"
File: bblopts.cfg 2006/07/31 v1.0 MiKTeX 'babel' configuration
) ("C:\Programas\MiKTeX 2.8\tex\generic\babel\portuges.ldf"
Language: portuges 2008/03/18 v1.2q Portuguese support from the babel system

("C:\Programas\MiKTeX 2.8\tex\generic\babel\babel.def"
File: babel.def 2008/07/06 v3.8l Babel common definitions
\babel@savecnt=\count107
\U@D=\dimen111
)

Package babel Warning: No hyphenation patterns were loaded for
(babel)                the language `Portuguese'
(babel)                I will use the patterns loaded for \language=0 instead.

\l@portuges = a dialect from \language0
Package babel Info: Making " an active character on input line 145.
)) ("C:\Programas\MiKTeX 2.8\tex\latex\graphics\graphicx.sty"
Package: graphicx 1999/02/16 v1.0f Enhanced LaTeX Graphics (DPC,SPQR)
 ("C:\Programas\MiKTeX 2.8\tex\latex\graphics\keyval.sty"
Package: keyval 1999/03/16 v1.13 key=value parser (DPC)
\KV@toks@=\toks24
)
("C:\Programas\MiKTeX 2.8\tex\latex\graphics\graphics.sty"
Package: graphics 2006/02/20 v1.0o Standard LaTeX Graphics (DPC,SPQR)
 ("C:\Programas\MiKTeX 2.8\tex\latex\graphics\trig.sty"
Package: trig 1999/03/16 v1.09 sin cos tan (DPC)
)
("C:\Programas\MiKTeX 2.8\tex\latex\00miktex\graphics.cfg"
File: graphics.cfg 2007/01/18 v1.5 graphics configuration of teTeX/TeXLive
)
Package graphics Info: Driver file: dvips.def on input line 90.
 ("C:\Programas\MiKTeX 2.8\tex\latex\graphics\dvips.def"
File: dvips.def 1999/02/16 v3.0i Driver-dependant file (DPC,SPQR)
))
\Gin@req@height=\dimen112
\Gin@req@width=\dimen113
)
("C:\Programas\MiKTeX 2.8\tex\latex\tools\dcolumn.sty"
Package: dcolumn 2001/05/28 v1.06 decimal alignment package (DPC)
 ("C:\Programas\MiKTeX 2.8\tex\latex\tools\array.sty"
Package: array 2005/08/23 v2.4b Tabular extension package (FMi)
\col@sep=\dimen114
\extrarowheight=\dimen115
\NC@list=\toks25
\extratabsurround=\skip49
\backup@length=\skip50
))
("C:\Programas\MiKTeX 2.8\tex\latex\tools\bm.sty"
Package: bm 2004/02/26 v1.1c Bold Symbol Support (DPC/FMi)
\symboldoperators=\mathgroup6
\symboldletters=\mathgroup7
\symboldsymbols=\mathgroup8
LaTeX Font Info:    Redeclaring math alphabet \mathbf on input line 137.
LaTeX Info: Redefining \bm on input line 203.
)
Class revtex4-1 Info: Patching array package. on input line 18.
Class revtex4-1 Info: Robustifying \LaTeX's \boldmath command on input line 18.
Class revtex4-1 Info: cite was not loaded (OK!) on input line 18.
Class revtex4-1 Info: mcite was not loaded (OK!) on input line 18.
Class revtex4-1 Info: multicol was not loaded (OK!) on input line 18.

("C:\Documents and Settings\eeepc\Ambiente de trabalho\final\CorpoNegro.aux")
LaTeX Font Info:    Checking defaults for OML/cmm/m/it on input line 18.
LaTeX Font Info:    ... okay on input line 18.
LaTeX Font Info:    Checking defaults for T1/cmr/m/n on input line 18.
LaTeX Font Info:    ... okay on input line 18.
LaTeX Font Info:    Checking defaults for OT1/cmr/m/n on input line 18.
LaTeX Font Info:    ... okay on input line 18.
LaTeX Font Info:    Checking defaults for OMS/cmsy/m/n on input line 18.
LaTeX Font Info:    ... okay on input line 18.
LaTeX Font Info:    Checking defaults for OMX/cmex/m/n on input line 18.
LaTeX Font Info:    ... okay on input line 18.
LaTeX Font Info:    Checking defaults for U/cmr/m/n on input line 18.
LaTeX Font Info:    ... okay on input line 18.
LaTeX Font Info:    Try loading font information for U+msa on input line 45.

("C:\Programas\MiKTeX 2.8\tex\latex\amsfonts\umsa.fd"
File: umsa.fd 2009/06/22 v3.00 AMS symbols A
)
LaTeX Font Info:    Try loading font information for U+msb on input line 45.
 ("C:\Programas\MiKTeX 2.8\tex\latex\amsfonts\umsb.fd"
File: umsb.fd 2009/06/22 v3.00 AMS symbols B
)
Underfull \hbox (badness 1533) in paragraph at lines 60--61
[][]\OT1/cmr/m/n/10 Para o es-tudo da en-er-gia ab-sorvida, define-se a
 []


Underfull \hbox (badness 10000) in paragraph at lines 63--66

 []


Underfull \hbox (badness 10000) in paragraph at lines 72--75

 []


Underfull \hbox (badness 10000) in paragraph at lines 93--95

 []


Underfull \hbox (badness 10000) in paragraph at lines 102--108

 []

[1]
Underfull \hbox (badness 10000) in paragraph at lines 115--117

 []


Underfull \hbox (badness 10000) in paragraph at lines 134--139

 []


Underfull \hbox (badness 10000) in paragraph at lines 147--149

 []

File: Imagens/fig1.ps Graphic file (type eps)
<Imagens/fig1.ps>
File: Imagens/fig2.ps Graphic file (type eps)
 <Imagens/fig2.ps>

LaTeX Warning: `h' float specifier changed to `ht'.

[2]

LaTeX Warning: A float is stuck (cannot be placed); try class option [floatfix] on input line 181.

File: Imagens/fig3.ps Graphic file (type eps)
<Imagens/fig3.ps>
Underfull \hbox (badness 10000) in paragraph at lines 198--201

 []


Overfull \hbox (7.93578pt too wide) in alignment at lines 276--284
 [] [] [] [] [] 
 []

File: Imagens/P6V.ps Graphic file (type eps)
<Imagens/P6V.ps>

LaTeX Warning: `h' float specifier changed to `ht'.

File: Imagens/P9V.ps Graphic file (type eps)
<Imagens/P9V.ps>

LaTeX Warning: `h' float specifier changed to `ht'.

File: Imagens/P12V.ps Graphic file (type eps)
<Imagens/P12V.ps>

LaTeX Warning: `h' float specifier changed to `ht'.

File: Imagens/wien.ps Graphic file (type eps)
<Imagens/wien.ps>
Overfull \hbox (10.20718pt too wide) in paragraph at lines 338--339
 [][][] 
 []


LaTeX Warning: `h' float specifier changed to `ht'.

[3]

LaTeX Warning: A float is stuck (cannot be placed); try class option [floatfix] on input line 346.

File: Imagens/stefan.ps Graphic file (type eps)
<Imagens/stefan.ps>
Overfull \hbox (9.20343pt too wide) in paragraph at lines 348--349
 [][][] 
 []


LaTeX Warning: `h' float specifier changed to `ht'.


Overfull \hbox (35.2778pt too wide) in paragraph at lines 366--367
 [][]\OT1/cmr/m/n/9 http://en.wikipedia.org/wiki/Kirchhoff's[]law[]of[]thermal[]radiation 
 []

[4] [5] [6] ("C:\Documents and Settings\eeepc\Ambiente de trabalho\final\CorpoNegro.aux") ) 
Here is how much of TeX's memory you used:
 3907 strings out of 495286
 48288 string characters out of 3180708
 126004 words of memory out of 3000000
 7046 multiletter control sequences out of 15000+200000
 16820 words of font info for 62 fonts, out of 3000000 for 9000
 14 hyphenation exceptions out of 8191
 34i,14n,26p,741b,415s stack positions out of 5000i,500n,10000p,200000b,50000s

Output written on CorpoNegro.dvi (6 pages, 29856 bytes).
