

*******************************************************************************
Thu Apr 22 14:29:43 2010


FIT:    data read from "x2.txt"
        #datapoints = 21
        residuals are weighted equally (unit weight)

function used for fitting: f(x)
fitted parameters initialized with current variable values



 Iteration 0
 WSSR        : 366.992           delta(WSSR)/WSSR   : 0
 delta(WSSR) : 0                 limit for stopping : 1e-005
 lambda	  : 84.9066

initial set of free parameter values

a               = -0.281207
b               = 80.2239

After 7 iterations the fit converged.
final sum of squares of residuals : 1.55023
rel. change during last iteration : -8.85396e-012

degrees of freedom    (FIT_NDF)                        : 19
rms of residuals      (FIT_STDFIT) = sqrt(WSSR/ndf)    : 0.285642
variance of residuals (reduced chisquare) = WSSR/ndf   : 0.0815912

Final set of parameters            Asymptotic Standard Error
=======================            ==========================

a               = -0.162349        +/- 0.05049      (31.1%)
b               = 70.1221          +/- 6.062        (8.646%)


correlation matrix of the fit parameters:

               a      b      
a               1.000 
b              -1.000  1.000 
