

*******************************************************************************
Thu Apr 22 14:29:56 2010


FIT:    data read from "x3.txt"
        #datapoints = 21
        residuals are weighted equally (unit weight)

function used for fitting: f(x)
fitted parameters initialized with current variable values



 Iteration 0
 WSSR        : 103.664           delta(WSSR)/WSSR   : 0
 delta(WSSR) : 0                 limit for stopping : 1e-005
 lambda	  : 127.441

initial set of free parameter values

a               = -0.162349
b               = 70.1221

After 7 iterations the fit converged.
final sum of squares of residuals : 0.911246
rel. change during last iteration : -3.73186e-009

degrees of freedom    (FIT_NDF)                        : 19
rms of residuals      (FIT_STDFIT) = sqrt(WSSR/ndf)    : 0.218998
variance of residuals (reduced chisquare) = WSSR/ndf   : 0.0479603

Final set of parameters            Asymptotic Standard Error
=======================            ==========================

a               = -0.0774922       +/- 0.03328      (42.95%)
b               = 57.0378          +/- 5.999        (10.52%)


correlation matrix of the fit parameters:

               a      b      
a               1.000 
b              -1.000  1.000 
