

*******************************************************************************
Thu Apr 22 14:30:07 2010


FIT:    data read from "x4.txt"
        #datapoints = 21
        residuals are weighted equally (unit weight)

function used for fitting: f(x)
fitted parameters initialized with current variable values



 Iteration 0
 WSSR        : 14.7961           delta(WSSR)/WSSR   : 0
 delta(WSSR) : 0                 limit for stopping : 1e-005
 lambda	  : 169.799

initial set of free parameter values

a               = -0.0774922
b               = 57.0378

After 3 iterations the fit converged.
final sum of squares of residuals : 11.6192
rel. change during last iteration : -3.32375e-006

degrees of freedom    (FIT_NDF)                        : 19
rms of residuals      (FIT_STDFIT) = sqrt(WSSR/ndf)    : 0.782008
variance of residuals (reduced chisquare) = WSSR/ndf   : 0.611536

Final set of parameters            Asymptotic Standard Error
=======================            ==========================

a               = -0.079101        +/- 0.1061       (134.1%)
b               = 57.0352          +/- 25.48        (44.67%)


correlation matrix of the fit parameters:

               a      b      
a               1.000 
b              -1.000  1.000 
