

*******************************************************************************
Wed Apr 21 11:55:59 2010


FIT:    data read from "x2.txt"
        #datapoints = 5
        residuals are weighted equally (unit weight)

function used for fitting: f(x)
fitted parameters initialized with current variable values



 Iteration 0
 WSSR        : 59.5734           delta(WSSR)/WSSR   : 0
 delta(WSSR) : 0                 limit for stopping : 1e-005
 lambda	  : 0.578761

initial set of free parameter values

a               = -241.801
b               = -31.0784
c               = 34.5416

After 6 iterations the fit converged.
final sum of squares of residuals : 0.0633359
rel. change during last iteration : -1.06743e-009

degrees of freedom    (FIT_NDF)                        : 2
rms of residuals      (FIT_STDFIT) = sqrt(WSSR/ndf)    : 0.177955
variance of residuals (reduced chisquare) = WSSR/ndf   : 0.031668

Final set of parameters            Asymptotic Standard Error
=======================            ==========================

a               = -126.148         +/- 76.1         (60.32%)
b               = -18.8702         +/- 9.405        (49.84%)
c               = 29.926           +/- 0.2378       (0.7947%)


correlation matrix of the fit parameters:

               a      b      c      
a               1.000 
b              -0.971  1.000 
c               0.752 -0.866  1.000 
