

*******************************************************************************
Wed Apr 21 11:56:23 2010


FIT:    data read from "x4.txt"
        #datapoints = 5
        residuals are weighted equally (unit weight)

function used for fitting: f(x)
fitted parameters initialized with current variable values



 Iteration 0
 WSSR        : 8.49794           delta(WSSR)/WSSR   : 0
 delta(WSSR) : 0                 limit for stopping : 1e-005
 lambda	  : 0.578761

initial set of free parameter values

a               = 132.312
b               = -43.1275
c               = 28.3188

After 6 iterations the fit converged.
final sum of squares of residuals : 0.106444
rel. change during last iteration : -9.98433e-010

degrees of freedom    (FIT_NDF)                        : 2
rms of residuals      (FIT_STDFIT) = sqrt(WSSR/ndf)    : 0.230699
variance of residuals (reduced chisquare) = WSSR/ndf   : 0.0532219

Final set of parameters            Asymptotic Standard Error
=======================            ==========================

a               = -8.0974          +/- 98.65        (1218%)
b               = -20.3341         +/- 12.19        (59.96%)
c               = 26.3623          +/- 0.3083       (1.169%)


correlation matrix of the fit parameters:

               a      b      c      
a               1.000 
b              -0.971  1.000 
c               0.752 -0.866  1.000 
