

*******************************************************************************
Tue Apr 20 22:46:42 2010


FIT:    data read from "dados2.txt"
        #datapoints = 11
        residuals are weighted equally (unit weight)

function used for fitting: f(x)
fitted parameters initialized with current variable values



 Iteration 0
 WSSR        : 8.06786           delta(WSSR)/WSSR   : 0
 delta(WSSR) : 0                 limit for stopping : 1e-005
 lambda	  : 10.726

initial set of free parameter values

a               = -0.39295
b               = 86.1251

After 5 iterations the fit converged.
final sum of squares of residuals : 0.505195
rel. change during last iteration : -2.73868e-007

degrees of freedom    (FIT_NDF)                        : 9
rms of residuals      (FIT_STDFIT) = sqrt(WSSR/ndf)    : 0.236924
variance of residuals (reduced chisquare) = WSSR/ndf   : 0.0561328

Final set of parameters            Asymptotic Standard Error
=======================            ==========================

a               = -0.373229        +/- 0.1169       (31.33%)
b               = 84.9978          +/- 1.77         (2.082%)


correlation matrix of the fit parameters:

               a      b      
a               1.000 
b              -0.999  1.000 
