

*******************************************************************************
Tue Apr 20 22:49:59 2010


FIT:    data read from "dados3.txt"
        #datapoints = 11
        residuals are weighted equally (unit weight)

function used for fitting: f(x)
fitted parameters initialized with current variable values



 Iteration 0
 WSSR        : 4.04354           delta(WSSR)/WSSR   : 0
 delta(WSSR) : 0                 limit for stopping : 1e-005
 lambda	  : 14.1633

initial set of free parameter values

a               = -0.373229
b               = 84.9978

After 6 iterations the fit converged.
final sum of squares of residuals : 0.164765
rel. change during last iteration : -3.74174e-012

degrees of freedom    (FIT_NDF)                        : 9
rms of residuals      (FIT_STDFIT) = sqrt(WSSR/ndf)    : 0.135304
variance of residuals (reduced chisquare) = WSSR/ndf   : 0.0183072

Final set of parameters            Asymptotic Standard Error
=======================            ==========================

a               = -0.454055        +/- 0.09174      (20.2%)
b               = 86.0215          +/- 1.835        (2.133%)


correlation matrix of the fit parameters:

               a      b      
a               1.000 
b              -1.000  1.000 
