

*******************************************************************************
Wed Apr 21 12:28:53 2010


FIT:    data read from "t1.txt"
        #datapoints = 59
        residuals are weighted equally (unit weight)

function used for fitting: f(x)
fitted parameters initialized with current variable values



 Iteration 0
 WSSR        : 4.17517e+006      delta(WSSR)/WSSR   : 0
 delta(WSSR) : 0                 limit for stopping : 1e-005
 lambda	  : 211.575

initial set of free parameter values

a               = 1
b               = 1

After 7 iterations the fit converged.
final sum of squares of residuals : 12.6406
rel. change during last iteration : -6.11996e-011

degrees of freedom    (FIT_NDF)                        : 57
rms of residuals      (FIT_STDFIT) = sqrt(WSSR/ndf)    : 0.470919
variance of residuals (reduced chisquare) = WSSR/ndf   : 0.221765

Final set of parameters            Asymptotic Standard Error
=======================            ==========================

a               = -0.0665349       +/- 0.01143      (17.17%)
b               = 54.1114          +/- 3.419        (6.318%)


correlation matrix of the fit parameters:

               a      b      
a               1.000 
b              -1.000  1.000 
